Removed Pin From Net: NetName=OSC32_IN Pin=P4-3
Removed Pin From Net: NetName=OSC32_OUT Pin=P4-4
Removed Pin From Net: NetName=PB9 Pin=P4-5
Removed Pin From Net: NetName=PC13 Pin=P4-6
Removed Pin From Net: NetName=PB1 Pin=P4-7
Removed Pin From Net: NetName=ADC2 Pin=P4-9
Removed Pin From Net: NetName=PB0 Pin=P4-10
Removed Pin From Net: NetName=DAC Pin=P4-11
Removed Pin From Net: NetName=ADC3 Pin=P4-12
Added Pin To Net: NetName=CHECK_IN Pin=P4-3
Added Pin To Net: NetName=PB9 Pin=P4-4
Added Pin To Net: NetName=PB0 Pin=P4-5
Added Pin To Net: NetName=PB1 Pin=P4-6
Added Pin To Net: NetName=ADC3 Pin=P4-7
Added Pin To Net: NetName=ADC2 Pin=P4-8
Added Pin To Net: NetName=PB13 Pin=P4-9
Added Pin To Net: NetName=DAC Pin=P4-10
Added Pin To Net: NetName=MOSI Pin=P4-11
Added Pin To Net: NetName=MISO Pin=P4-12
Added Pin To Net: NetName=CHECK_IN Pin=U2-45
Added Room: Name=RS485_Demo_Bord_v1.0
