Removed Pin From Net: NetName=GND Pin=C5-1
Removed Pin From Net: NetName=ADC1 Pin=C5-2
Removed Pin From Net: NetName=ADC1 Pin=P5-2
Removed Pin From Net: NetName=ADC3 Pin=P5-3
Added Component: Designator=C23(C_0805)
Added Component: Designator=R43(0805)
Added Component: Designator=R44(0805)
Added Pin To Net: NetName=ADC3 Pin=C5-1
Added Pin To Net: NetName=GND Pin=C5-2
Added Pin To Net: NetName=GND Pin=C23-1
Added Pin To Net: NetName=ADC1 Pin=C23-2
Added Pin To Net: NetName=ADC3 Pin=R43-1
Added Pin To Net: NetName=ADC1 Pin=R44-1
Added Pin To Net: NetName=NetP5_2 Pin=P5-2
Added Pin To Net: NetName=NetP5_2 Pin=R44-2
Added Net: Name=NetP5_2
Added Pin To Net: NetName=NetP5_3 Pin=P5-3
Added Pin To Net: NetName=NetP5_3 Pin=R43-2
Added Net: Name=NetP5_3
Added Member To Class: ClassName=RS485_Demo_Bord_v1.0 Member=Component C23 104
Added Member To Class: ClassName=RS485_Demo_Bord_v1.0 Member=Component R43 10K
Added Member To Class: ClassName=RS485_Demo_Bord_v1.0 Member=Component R44 10K
