Removed Pin From Net: NetName=GND Pin=K2-2
Removed Pin From Net: NetName=GND Pin=K2-2
Removed Pin From Net: NetName=GND Pin=K3-2
Removed Pin From Net: NetName=GND Pin=K3-2
Removed Pin From Net: NetName=GND Pin=K4-2
Removed Pin From Net: NetName=GND Pin=K4-2
Removed Pin From Net: NetName=GND Pin=K5-2
Removed Pin From Net: NetName=GND Pin=K5-2
Removed Pin From Net: NetName=VCC3V Pin=R26-2
Removed Pin From Net: NetName=VCC3V Pin=R27-2
Removed Pin From Net: NetName=VCC3V Pin=R28-2
Added Component: Designator=C22(C_0805)
Added Component: Designator=R39(0805)
Added Pin To Net: NetName=GND Pin=C22-1
Added Pin To Net: NetName=GND Pin=K2-1
Added Pin To Net: NetName=GND Pin=K2-1
Added Pin To Net: NetName=GND Pin=K3-1
Added Pin To Net: NetName=GND Pin=K3-1
Added Pin To Net: NetName=GND Pin=K4-1
Added Pin To Net: NetName=GND Pin=K4-1
Added Pin To Net: NetName=GND Pin=K5-1
Added Pin To Net: NetName=GND Pin=K5-1
Added Pin To Net: NetName=NetC22_2 Pin=C22-2
Added Pin To Net: NetName=NetC22_2 Pin=R25-2
Added Net: Name=NetC22_2
Added Pin To Net: NetName=NetK2_2 Pin=K2-2
Added Pin To Net: NetName=NetK2_2 Pin=K2-2
Added Pin To Net: NetName=NetK2_2 Pin=R25-1
Added Pin To Net: NetName=NetK2_2 Pin=R26-2
Added Pin To Net: NetName=NetK2_2 Pin=R25-1
Added Net: Name=NetK2_2
Added Pin To Net: NetName=NetK3_2 Pin=K3-2
Added Pin To Net: NetName=NetK3_2 Pin=K3-2
Added Pin To Net: NetName=NetK3_2 Pin=R26-1
Added Pin To Net: NetName=NetK3_2 Pin=R27-2
Added Net: Name=NetK3_2
Added Pin To Net: NetName=NetK4_2 Pin=K4-2
Added Pin To Net: NetName=NetK4_2 Pin=K4-2
Added Pin To Net: NetName=NetK4_2 Pin=R27-1
Added Pin To Net: NetName=NetK4_2 Pin=R28-2
Added Net: Name=NetK4_2
Added Pin To Net: NetName=NetK5_2 Pin=K5-2
Added Pin To Net: NetName=NetK5_2 Pin=K5-2
Added Pin To Net: NetName=NetK5_2 Pin=R28-1
Added Net: Name=NetK5_2
Added Member To Class: ClassName=RS485_Demo_Bord_v1.0 Member=Component C22 104
Added Member To Class: ClassName=RS485_Demo_Bord_v1.0 Member=Component R39 10K
Added Room: Name=RS485_Demo_Bord_v1.0
