Removed Pin From Net: NetName=NetD6_A Pin=D5-A
Removed Pin From Net: NetName=GND Pin=D5-K
Removed Pin From Net: NetName=GND Pin=R2-1
Removed Pin From Net: NetName=BOOT0 Pin=R2-2
Removed Pin From Net: NetName=VCC3V Pin=R15-1
Removed Pin From Net: NetName=NetD8_A Pin=R15-2
Removed Pin From Net: NetName=NetC19_2 Pin=R17-1
Removed Pin From Net: NetName=PWM1 Pin=R17-2
Added Component: Designator=D6(0805-LED-RED)
Added Component: Designator=R4(0805)
Added Component: Designator=R18(0805)
Added Component: Designator=R22(0805)
Added Pin To Net: NetName=NetD5_A Pin=D5-A
Added Pin To Net: NetName=TXDC Pin=D5-K
Added Pin To Net: NetName=NetD6_A Pin=D6-A
Added Pin To Net: NetName=GND Pin=D6-K
Added Pin To Net: NetName=VCC3V Pin=R2-1
Added Pin To Net: NetName=NetR2_2 Pin=R2-2
Added Pin To Net: NetName=GND Pin=R2-1
Added Pin To Net: NetName=BOOT0 Pin=R2-2
Added Pin To Net: NetName=NetD5_A Pin=R15-1
Added Pin To Net: NetName=VCC3V Pin=R15-2
Added Pin To Net: NetName=NetD7_A Pin=R17-1
Added Pin To Net: NetName=VCC3V Pin=R17-2
Added Pin To Net: NetName=VCC3V Pin=R18-1
Added Pin To Net: NetName=NetD8_A Pin=R18-2
Added Pin To Net: NetName=NetC19_2 Pin=R22-1
Added Pin To Net: NetName=PWM1 Pin=R22-2
Added Member To Class: ClassName=RS485_Demo_Bord_v1.0 Member=Component D6 LED
Added Member To Class: ClassName=RS485_Demo_Bord_v1.0 Member=Component R4 10K
Added Member To Class: ClassName=RS485_Demo_Bord_v1.0 Member=Component R18 10K
Added Member To Class: ClassName=RS485_Demo_Bord_v1.0 Member=Component R22 10K
Added Room: Name=RS485_Demo_Bord_v1.0
