Added Component: Designator=C21(0805C)
Added Component: Designator=R34(0805)
Added Component: Designator=R35(0805)
Added Component: Designator=R36(0805)
Added Component: Designator=R37(0805)
Added Component: Designator=R38(0805)
Added Component: Designator=TF1(TF_SD)
Added Pin To Net: NetName=GND Pin=C21-1
Added Pin To Net: NetName=VCC3V Pin=C21-2
Added Pin To Net: NetName=VCC3V Pin=R34-2
Added Pin To Net: NetName=VCC3V Pin=R35-2
Added Pin To Net: NetName=VCC3V Pin=R36-2
Added Pin To Net: NetName=VCC3V Pin=R37-2
Added Pin To Net: NetName=VCC3V Pin=R38-2
Added Pin To Net: NetName=VCC3V Pin=TF1-4
Added Pin To Net: NetName=GND Pin=TF1-6
Added Pin To Net: NetName=GND Pin=TF1-10
Added Pin To Net: NetName=CHECK_IN Pin=R38-1
Added Pin To Net: NetName=CHECK_IN Pin=TF1-9
Added Net: Name=CHECK_IN
Added Pin To Net: NetName=MISO Pin=R34-1
Added Pin To Net: NetName=MISO Pin=TF1-7
Added Net: Name=MISO
Added Pin To Net: NetName=MOSI Pin=R37-1
Added Pin To Net: NetName=MOSI Pin=TF1-3
Added Net: Name=MOSI
Added Pin To Net: NetName=SD_CS Pin=R35-1
Added Pin To Net: NetName=SD_CS Pin=TF1-2
Added Net: Name=SD_CS
Added Pin To Net: NetName=SPI_CLK Pin=R36-1
Added Pin To Net: NetName=SPI_CLK Pin=TF1-5
Added Net: Name=SPI_CLK
Added Member To Class: ClassName=RS485_Demo_Bord_v1.0 Member=Component C21 104
Added Member To Class: ClassName=RS485_Demo_Bord_v1.0 Member=Component R34 10K
Added Member To Class: ClassName=RS485_Demo_Bord_v1.0 Member=Component R35 10K
Added Member To Class: ClassName=RS485_Demo_Bord_v1.0 Member=Component R36 10K
Added Member To Class: ClassName=RS485_Demo_Bord_v1.0 Member=Component R37 10K
Added Member To Class: ClassName=RS485_Demo_Bord_v1.0 Member=Component R38 10K
Added Member To Class: ClassName=RS485_Demo_Bord_v1.0 Member=Component TF1 TF_SD
Added Room: Name=RS485_Demo_Bord_v1.0
