Change Component Designator: Old Designator=2 New Designator=1
Change Component Designator: Old Designator=C20 New Designator=C1
Change Component Designator: Old Designator=C21 New Designator=C2
Change Component Designator: Old Designator=C22 New Designator=C3
Change Component Designator: Old Designator=C23 New Designator=C4
Change Component Designator: Old Designator=C24 New Designator=C5
Change Component Designator: Old Designator=C25 New Designator=C6
Change Component Designator: Old Designator=C26 New Designator=C7
Change Component Designator: Old Designator=D6 New Designator=D1
Change Component Designator: Old Designator=D7 New Designator=D2
Change Component Designator: Old Designator=D8 New Designator=D3
Change Component Designator: Old Designator=D9 New Designator=D4
Change Component Designator: Old Designator=G? New Designator=G2
Change Component Designator: Old Designator=PPTC? New Designator=PPTC1
Change Component Designator: Old Designator=PPTC? New Designator=PPTC2
Change Component Designator: Old Designator=R17 New Designator=R1
Change Component Designator: Old Designator=R18 New Designator=R2
Change Component Designator: Old Designator=R19 New Designator=R3
Change Component Designator: Old Designator=R20 New Designator=R4
Change Component Designator: Old Designator=R21 New Designator=R5
Change Component Designator: Old Designator=R22 New Designator=R6
Change Component Designator: Old Designator=R23 New Designator=R7
Change Component Designator: Old Designator=U6 New Designator=U1
Change Component Designator: Old Designator=U7 New Designator=U2
Change Component Designator: Old Designator=U8 New Designator=U3
Change Component Designator: Old Designator=U8 New Designator=U3
Change Component Designator: Old Designator=U8 New Designator=U3
Change Component Designator: Old Designator=U8 New Designator=U3
Change Component Designator: Old Designator=U9 New Designator=U4
Change Component Designator: Old Designator=U10 New Designator=U5
